<?xml version="1.0" encoding="UTF-8"?><testsuites failures="2" name="dependency-check" tests="63"><testsuite failures="0" errors="0" time="0" id="0" name="C:\Users\kurindinvv\.gradle\caches\modules-2\files-2.1\net.sf.saxon\Saxon-HE\12.4\b532e44a8bf4007bbce69467801778a955599c52\Saxon-HE-12.4.jar" package="Saxon-HE-12.4.jar" skipped="0" tests="1" timestamp="2025-12-24T18:35:08.2188557"><testcase classname="dependency-check" name="Saxon-HE-12.4.jar"/></testsuite><testsuite failures="0" errors="0" time="0" id="1" name="C:\Users\kurindinvv\.gradle\caches\modules-2\files-2.1\net.sf.saxon\Saxon-HE\12.8\40c34c6bee61f74b9583e3c4a0fee8c98852a8b4\Saxon-HE-12.8.jar" package="Saxon-HE-12.8.jar" skipped="0" tests="1" timestamp="2025-12-24T18:35:08.2188557"><testcase classname="dependency-check" name="Saxon-HE-12.8.jar"/></testsuite><testsuite failures="0" errors="0" time="0" id="2" name="C:\Users\kurindinvv\.gradle\caches\modules-2\files-2.1\org.antlr\antlr4-runtime\4.13.1\17125bae1d965624e265ef49552f6465a2bfa307\antlr4-runtime-4.13.1.jar" package="antlr4-runtime-4.13.1.jar" skipped="0" tests="1" timestamp="2025-12-24T18:35:08.2188557"><testcase classname="dependency-check" name="antlr4-runtime-4.13.1.jar"/></testsuite><testsuite failures="0" errors="0" time="0" id="3" name="C:\Users\kurindinvv\.gradle\caches\modules-2\files-2.1\org.ow2.asm\asm\9.8\dc19ecb3f7889b7860697215cae99c0f9b6f6b4b\asm-9.8.jar" package="asm-9.8.jar" skipped="0" tests="1" timestamp="2025-12-24T18:35:08.2188557"><testcase classname="dependency-check" name="asm-9.8.jar"/></testsuite><testsuite failures="0" errors="0" time="0" id="4" name="C:\Users\kurindinvv\.gradle\caches\modules-2\files-2.1\org.ow2.asm\asm-analysis\9.8\b9747a320844b6cb1eacd90d8ecfd260a16c01d3\asm-analysis-9.8.jar" package="asm-analysis-9.8.jar" skipped="0" tests="1" timestamp="2025-12-24T18:35:08.2188557"><testcase classname="dependency-check" name="asm-analysis-9.8.jar"/></testsuite><testsuite failures="0" errors="0" time="0" id="5" name="C:\Users\kurindinvv\.gradle\caches\modules-2\files-2.1\org.ow2.asm\asm-commons\9.8\36e4d212970388e5bd2c5180292012502df461bb\asm-commons-9.8.jar" package="asm-commons-9.8.jar" skipped="0" tests="1" timestamp="2025-12-24T18:35:08.2188557"><testcase classname="dependency-check" name="asm-commons-9.8.jar"/></testsuite><testsuite failures="0" errors="0" time="0" id="6" name="C:\Users\kurindinvv\.gradle\caches\modules-2\files-2.1\org.ow2.asm\asm-tree\9.8\18419ca5b77a2f81097c741e7872e6ab8d2f40d\asm-tree-9.8.jar" package="asm-tree-9.8.jar" skipped="0" tests="1" timestamp="2025-12-24T18:35:08.2188557"><testcase classname="dependency-check" name="asm-tree-9.8.jar"/></testsuite><testsuite failures="0" errors="0" time="0" id="7" name="C:\Users\kurindinvv\.gradle\caches\modules-2\files-2.1\org.ow2.asm\asm-util\9.8\395f1c1f035258511f27bc9b2583d76e4b143f59\asm-util-9.8.jar" package="asm-util-9.8.jar" skipped="0" tests="1" timestamp="2025-12-24T18:35:08.2188557"><testcase classname="dependency-check" name="asm-util-9.8.jar"/></testsuite><testsuite failures="0" errors="0" time="0" id="8" name="C:\Users\kurindinvv\.gradle\caches\modules-2\files-2.1\org.apache.bcel\bcel\6.10.0\34f0f3f24d2cd6627e304cbdd5ce2b9ca0671e4c\bcel-6.10.0.jar" package="bcel-6.10.0.jar" skipped="0" tests="1" timestamp="2025-12-24T18:35:08.2188557"><testcase classname="dependency-check" name="bcel-6.10.0.jar"/></testsuite><testsuite failures="0" errors="0" time="0" id="9" name="C:\Users\kurindinvv\.gradle\caches\modules-2\files-2.1\org.checkerframework\checker-qual\3.43.0\9425eee39e56b116d2b998b7c2cebcbd11a3c98b\checker-qual-3.43.0.jar" package="checker-qual-3.43.0.jar" skipped="0" tests="1" timestamp="2025-12-24T18:35:08.2188557"><testcase classname="dependency-check" name="checker-qual-3.43.0.jar"/></testsuite><testsuite failures="0" errors="0" time="0" id="10" name="C:\Users\kurindinvv\.gradle\caches\modules-2\files-2.1\com.puppycrawl.tools\checkstyle\10.17.0\4d791848afa75cf6237a1baac99e959d5de8648b\checkstyle-10.17.0.jar" package="checkstyle-10.17.0.jar" skipped="0" tests="1" timestamp="2025-12-24T18:35:08.2188557"><testcase classname="dependency-check" name="checkstyle-10.17.0.jar"/></testsuite><testsuite failures="1" errors="0" time="0" id="11" name="C:\Users\kurindinvv\.gradle\caches\modules-2\files-2.1\commons-beanutils\commons-beanutils\1.9.4\d52b9abcd97f38c81342bb7e7ae1eee9b73cba51\commons-beanutils-1.9.4.jar" package="commons-beanutils-1.9.4.jar" skipped="0" tests="1" timestamp="2025-12-24T18:35:08.2188557"><testcase classname="CVE-2025-48734" name="pkg:maven/commons-beanutils/commons-beanutils@1.9.4"><failure message="cvssV3: HIGH, score: 8.8 (CVSS:3.1/AV:N/AC:L/PR:L/UI:N/S:U/C:H/I:H/A:H/E:2.8/RC:R/MAV:A)"/><system-out>Improper Access Control vulnerability in Apache Commons.



A special BeanIntrospector class was added in version 1.9.2. This can be used to stop attackers from using the declared class property of Java enum objects to get access to the classloader. However this protection was not enabled by default. PropertyUtilsBean (and consequently BeanUtilsBean) now disallows declared class level property access by default.





Releases 1.11.0 and 2.0.0-M2 address a potential security issue when accessing enum properties in an uncontrolled way. If an application using Commons BeanUtils passes property paths from an external source directly to the getProperty() method of PropertyUtilsBean, an attacker can access the enum’s class loader via the “declaredClass” property available on all Java “enum” objects. Accessing the enum’s “declaredClass” allows remote attackers to access the ClassLoader and execute arbitrary code. The same issue exists with PropertyUtilsBean.getNestedProperty().
Starting in versions 1.11.0 and 2.0.0-M2 a special BeanIntrospector suppresses the “declaredClass” property. Note that this new BeanIntrospector is enabled by default, but you can disable it to regain the old behavior; see section 2.5 of the user&apos;s guide and the unit tests.

This issue affects Apache Commons BeanUtils 1.x before 1.11.0, and 2.x before 2.0.0-M2.Users of the artifact commons-beanutils:commons-beanutils

 1.x are recommended to upgrade to version 1.11.0, which fixes the issue.


Users of the artifact org.apache.commons:commons-beanutils2

 2.x are recommended to upgrade to version 2.0.0-M2, which fixes the issue.</system-out><system-err>location: C:\Users\kurindinvv\.gradle\caches\modules-2\files-2.1\commons-beanutils\commons-beanutils\1.9.4\d52b9abcd97f38c81342bb7e7ae1eee9b73cba51\commons-beanutils-1.9.4.jar, project-references: [ shortlinkapp:checkstyle ]</system-err></testcase></testsuite><testsuite failures="0" errors="0" time="0" id="12" name="C:\Users\kurindinvv\.gradle\caches\modules-2\files-2.1\commons-codec\commons-codec\1.15\49d94806b6e3dc933dacbd8acb0fdbab8ebd1e5d\commons-codec-1.15.jar" package="commons-codec-1.15.jar" skipped="0" tests="1" timestamp="2025-12-24T18:35:08.2188557"><testcase classname="dependency-check" name="commons-codec-1.15.jar"/></testsuite><testsuite failures="0" errors="0" time="0" id="13" name="C:\Users\kurindinvv\.gradle\caches\modules-2\files-2.1\commons-collections\commons-collections\3.2.2\8ad72fe39fa8c91eaaf12aadb21e0c3661fe26d5\commons-collections-3.2.2.jar" package="commons-collections-3.2.2.jar" skipped="0" tests="1" timestamp="2025-12-24T18:35:08.2188557"><testcase classname="dependency-check" name="commons-collections-3.2.2.jar"/></testsuite><testsuite failures="0" errors="0" time="0" id="14" name="C:\Users\kurindinvv\.gradle\caches\modules-2\files-2.1\org.apache.commons\commons-lang3\3.18.0\fb14946f0e39748a6571de0635acbe44e7885491\commons-lang3-3.18.0.jar" package="commons-lang3-3.18.0.jar" skipped="0" tests="1" timestamp="2025-12-24T18:35:08.2188557"><testcase classname="dependency-check" name="commons-lang3-3.18.0.jar"/></testsuite><testsuite failures="1" errors="0" time="0" id="15" name="C:\Users\kurindinvv\.gradle\caches\modules-2\files-2.1\org.apache.commons\commons-lang3\3.8.1\6505a72a097d9270f7a9e7bf42c4238283247755\commons-lang3-3.8.1.jar" package="commons-lang3-3.8.1.jar" skipped="0" tests="1" timestamp="2025-12-24T18:35:08.2188557"><testcase classname="CVE-2025-48924" name="pkg:maven/org.apache.commons/commons-lang3@3.8.1"><failure message="cvssV3: MEDIUM, score: 5.3 (CVSS:3.1/AV:N/AC:L/PR:N/UI:N/S:U/C:N/I:N/A:L/E:3.9/RC:R/MAV:A)"/><system-out>Uncontrolled Recursion vulnerability in Apache Commons Lang.

This issue affects Apache Commons Lang: Starting with commons-lang:commons-lang 2.0 to 2.6, and, from org.apache.commons:commons-lang3 3.0 before 3.18.0.

The methods ClassUtils.getClass(...) can throw StackOverflowError on very long inputs. Because an Error is usually not handled by applications and libraries, a 
StackOverflowError could cause an application to stop.

Users are recommended to upgrade to version 3.18.0, which fixes the issue.</system-out><system-err>location: C:\Users\kurindinvv\.gradle\caches\modules-2\files-2.1\org.apache.commons\commons-lang3\3.8.1\6505a72a097d9270f7a9e7bf42c4238283247755\commons-lang3-3.8.1.jar, project-references: [ shortlinkapp:checkstyle ]</system-err></testcase></testsuite><testsuite failures="0" errors="0" time="0" id="16" name="C:\Users\kurindinvv\.gradle\caches\modules-2\files-2.1\org.apache.commons\commons-text\1.14.0\adcb0d4c67eabc79682604b47eb852aaff21138a\commons-text-1.14.0.jar" package="commons-text-1.14.0.jar" skipped="0" tests="1" timestamp="2025-12-24T18:35:08.2188557"><testcase classname="dependency-check" name="commons-text-1.14.0.jar"/></testsuite><testsuite failures="0" errors="0" time="0" id="17" name="C:\Users\kurindinvv\.gradle\caches\modules-2\files-2.1\org.apache.commons\commons-text\1.3\9abf61708a66ab5e55f6169a200dbfc584b546d9\commons-text-1.3.jar" package="commons-text-1.3.jar" skipped="0" tests="1" timestamp="2025-12-24T18:35:08.2188557"><testcase classname="dependency-check" name="commons-text-1.3.jar"/></testsuite><testsuite failures="0" errors="0" time="0" id="18" name="C:\Users\kurindinvv\.gradle\caches\modules-2\files-2.1\org.dom4j\dom4j\2.2.0\52368b1da663abd44a866c4fe4f62c8d8695204a\dom4j-2.2.0.jar" package="dom4j-2.2.0.jar" skipped="0" tests="1" timestamp="2025-12-24T18:35:08.2188557"><testcase classname="dependency-check" name="dom4j-2.2.0.jar"/></testsuite><testsuite failures="0" errors="0" time="0" id="19" name="C:\Users\kurindinvv\.gradle\caches\modules-2\files-2.1\org.apache.maven.doxia\doxia-core\1.12.0\41cdaff3ce98e66714bfca677babaa3746faa2b9\doxia-core-1.12.0.jar" package="doxia-core-1.12.0.jar" skipped="0" tests="1" timestamp="2025-12-24T18:35:08.2188557"><testcase classname="dependency-check" name="doxia-core-1.12.0.jar"/></testsuite><testsuite failures="0" errors="0" time="0" id="20" name="C:\Users\kurindinvv\.gradle\caches\modules-2\files-2.1\org.apache.maven.doxia\doxia-logging-api\1.12.0\a31fac8c598c0090ccd2c53b4df7d49f81fb9dba\doxia-logging-api-1.12.0.jar" package="doxia-logging-api-1.12.0.jar" skipped="0" tests="1" timestamp="2025-12-24T18:35:08.2188557"><testcase classname="dependency-check" name="doxia-logging-api-1.12.0.jar"/></testsuite><testsuite failures="0" errors="0" time="0" id="21" name="C:\Users\kurindinvv\.gradle\caches\modules-2\files-2.1\org.apache.maven.doxia\doxia-module-xdoc\1.12.0\bbc6cf253fe80fa7b2765997d480e61153427ee6\doxia-module-xdoc-1.12.0.jar" package="doxia-module-xdoc-1.12.0.jar" skipped="0" tests="1" timestamp="2025-12-24T18:35:08.2188557"><testcase classname="dependency-check" name="doxia-module-xdoc-1.12.0.jar"/></testsuite><testsuite failures="0" errors="0" time="0" id="22" name="C:\Users\kurindinvv\.gradle\caches\modules-2\files-2.1\org.apache.maven.doxia\doxia-sink-api\1.12.0\92a2fdeaeb59e921fff9c5ca9a2ea6118a494760\doxia-sink-api-1.12.0.jar" package="doxia-sink-api-1.12.0.jar" skipped="0" tests="1" timestamp="2025-12-24T18:35:08.2188557"><testcase classname="dependency-check" name="doxia-sink-api-1.12.0.jar"/></testsuite><testsuite failures="0" errors="0" time="0" id="23" name="C:\Users\kurindinvv\.gradle\caches\modules-2\files-2.1\com.google.errorprone\error_prone_annotations\2.26.1\c1fde57694bdc14e8618899aaa6e857d9465d7de\error_prone_annotations-2.26.1.jar" package="error_prone_annotations-2.26.1.jar" skipped="0" tests="1" timestamp="2025-12-24T18:35:08.2188557"><testcase classname="dependency-check" name="error_prone_annotations-2.26.1.jar"/></testsuite><testsuite failures="0" errors="0" time="0" id="24" name="C:\Users\kurindinvv\.gradle\caches\modules-2\files-2.1\com.google.errorprone\error_prone_annotations\2.38.0\fc0ae991433e8590ba51cd558421478318a74c8c\error_prone_annotations-2.38.0.jar" package="error_prone_annotations-2.38.0.jar" skipped="0" tests="1" timestamp="2025-12-24T18:35:08.2188557"><testcase classname="dependency-check" name="error_prone_annotations-2.38.0.jar"/></testsuite><testsuite failures="0" errors="0" time="0" id="25" name="C:\Users\kurindinvv\.gradle\caches\modules-2\files-2.1\com.google.guava\failureaccess\1.0.2\c4a06a64e650562f30b7bf9aaec1bfed43aca12b\failureaccess-1.0.2.jar" package="failureaccess-1.0.2.jar" skipped="0" tests="1" timestamp="2025-12-24T18:35:08.2188557"><testcase classname="dependency-check" name="failureaccess-1.0.2.jar"/></testsuite><testsuite failures="0" errors="0" time="0" id="26" name="C:\Users\kurindinvv\.gradle\caches\modules-2\files-2.1\com.google.code.gson\gson\2.10.1\b3add478d4382b78ea20b1671390a858002feb6c\gson-2.10.1.jar" package="gson-2.10.1.jar" skipped="0" tests="1" timestamp="2025-12-24T18:35:08.2188557"><testcase classname="dependency-check" name="gson-2.10.1.jar"/></testsuite><testsuite failures="0" errors="0" time="0" id="27" name="C:\Users\kurindinvv\.gradle\caches\modules-2\files-2.1\com.google.code.gson\gson\2.13.1\853ce06c11316b33a8eae5e9095da096a9528b8f\gson-2.13.1.jar" package="gson-2.13.1.jar" skipped="0" tests="1" timestamp="2025-12-24T18:35:08.2188557"><testcase classname="dependency-check" name="gson-2.13.1.jar"/></testsuite><testsuite failures="0" errors="0" time="0" id="28" name="C:\Users\kurindinvv\.gradle\caches\modules-2\files-2.1\com.google.guava\guava\33.2.0-jre\e264781dadc4967e5292f3c4d05f1d153631f7b4\guava-33.2.0-jre.jar" package="guava-33.2.0-jre.jar" skipped="0" tests="1" timestamp="2025-12-24T18:35:08.2188557"><testcase classname="dependency-check" name="guava-33.2.0-jre.jar"/></testsuite><testsuite failures="0" errors="0" time="0" id="29" name="C:\Users\kurindinvv\.gradle\caches\modules-2\files-2.1\org.apache.httpcomponents\httpclient\4.5.13\e5f6cae5ca7ecaac1ec2827a9e2d65ae2869cada\httpclient-4.5.13.jar" package="httpclient-4.5.13.jar" skipped="0" tests="1" timestamp="2025-12-24T18:35:08.2188557"><testcase classname="dependency-check" name="httpclient-4.5.13.jar"/></testsuite><testsuite failures="0" errors="0" time="0" id="30" name="C:\Users\kurindinvv\.gradle\caches\modules-2\files-2.1\org.apache.httpcomponents.client5\httpclient5\5.1.3\13c984b7b881afcff3a7f0bb95878724a48a4b66\httpclient5-5.1.3.jar" package="httpclient5-5.1.3.jar" skipped="0" tests="1" timestamp="2025-12-24T18:35:08.2188557"><testcase classname="dependency-check" name="httpclient5-5.1.3.jar"/></testsuite><testsuite failures="0" errors="0" time="0" id="31" name="C:\Users\kurindinvv\.gradle\caches\modules-2\files-2.1\org.apache.httpcomponents\httpcore\4.4.14\9dd1a631c082d92ecd4bd8fd4cf55026c720a8c1\httpcore-4.4.14.jar" package="httpcore-4.4.14.jar" skipped="0" tests="1" timestamp="2025-12-24T18:35:08.2188557"><testcase classname="dependency-check" name="httpcore-4.4.14.jar"/></testsuite><testsuite failures="0" errors="0" time="0" id="32" name="C:\Users\kurindinvv\.gradle\caches\modules-2\files-2.1\org.apache.httpcomponents.core5\httpcore5\5.1.3\d1638d1e5f2793f187d4144c702a93524ba6fd3b\httpcore5-5.1.3.jar" package="httpcore5-5.1.3.jar" skipped="0" tests="1" timestamp="2025-12-24T18:35:08.2188557"><testcase classname="dependency-check" name="httpcore5-5.1.3.jar"/></testsuite><testsuite failures="0" errors="0" time="0" id="33" name="C:\Users\kurindinvv\.gradle\caches\modules-2\files-2.1\org.apache.httpcomponents.core5\httpcore5-h2\5.1.3\4664b59b09f5ee008e37a963bbb92f4068e91696\httpcore5-h2-5.1.3.jar" package="httpcore5-h2-5.1.3.jar" skipped="0" tests="1" timestamp="2025-12-24T18:35:08.2188557"><testcase classname="dependency-check" name="httpcore5-h2-5.1.3.jar"/></testsuite><testsuite failures="0" errors="0" time="0" id="34" name="C:\Users\kurindinvv\.gradle\caches\modules-2\files-2.1\org.javassist\javassist\3.28.0-GA\9a958811a88381bb159cc2f5ed79c34a45c4af7a\javassist-3.28.0-GA.jar" package="javassist-3.28.0-GA.jar" skipped="0" tests="1" timestamp="2025-12-24T18:35:08.2188557"><testcase classname="dependency-check" name="javassist-3.28.0-GA.jar"/></testsuite><testsuite failures="0" errors="0" time="0" id="35" name="C:\Users\kurindinvv\.gradle\caches\modules-2\files-2.1\jaxen\jaxen\2.0.0\bd6a33b0fda054a5678010df843cc999f288dc6c\jaxen-2.0.0.jar" package="jaxen-2.0.0.jar" skipped="0" tests="1" timestamp="2025-12-24T18:35:08.2188557"><testcase classname="dependency-check" name="jaxen-2.0.0.jar"/></testsuite><testsuite failures="0" errors="0" time="0" id="36" name="C:\Users\kurindinvv\.gradle\caches\modules-2\files-2.1\com.github.stephenc.jcip\jcip-annotations\1.0-1\ef31541dd28ae2cefdd17c7ebf352d93e9058c63\jcip-annotations-1.0-1.jar" package="jcip-annotations-1.0-1.jar" skipped="0" tests="1" timestamp="2025-12-24T18:35:08.2188557"><testcase classname="dependency-check" name="jcip-annotations-1.0-1.jar"/></testsuite><testsuite failures="0" errors="0" time="0" id="37" name="C:\Users\kurindinvv\.gradle\caches\modules-2\files-2.1\com.google.code.findbugs\jsr305\3.0.2\25ea2e8b0c338a877313bd4672d3fe056ea78f0d\jsr305-3.0.2.jar" package="jsr305-3.0.2.jar" skipped="0" tests="1" timestamp="2025-12-24T18:35:08.2188557"><testcase classname="dependency-check" name="jsr305-3.0.2.jar"/></testsuite><testsuite failures="0" errors="0" time="0" id="38" name="C:\Users\kurindinvv\.gradle\caches\modules-2\files-2.1\com.google.guava\listenablefuture\9999.0-empty-to-avoid-conflict-with-guava\b421526c5f297295adef1c886e5246c39d4ac629\listenablefuture-9999.0-empty-to-avoid-conflict-with-guava.jar" package="listenablefuture-9999.0-empty-to-avoid-conflict-with-guava.jar" skipped="0" tests="1" timestamp="2025-12-24T18:35:08.2188557"><testcase classname="dependency-check" name="listenablefuture-9999.0-empty-to-avoid-conflict-with-guava.jar"/></testsuite><testsuite failures="0" errors="0" time="0" id="39" name="C:\Users\kurindinvv\.gradle\caches\modules-2\files-2.1\org.apache.logging.log4j\log4j-api\2.25.1\c7acbbd6f110cd1457c628da46245e355b1ee57a\log4j-api-2.25.1.jar" package="log4j-api-2.25.1.jar" skipped="0" tests="1" timestamp="2025-12-24T18:35:08.2188557"><testcase classname="dependency-check" name="log4j-api-2.25.1.jar"/></testsuite><testsuite failures="0" errors="0" time="0" id="40" name="C:\Users\kurindinvv\.gradle\caches\modules-2\files-2.1\org.apache.logging.log4j\log4j-core\2.25.1\32b3a228d5a30a4528b6c7354fe6cff9524d89e7\log4j-core-2.25.1.jar" package="log4j-core-2.25.1.jar" skipped="0" tests="1" timestamp="2025-12-24T18:35:08.2188557"><testcase classname="dependency-check" name="log4j-core-2.25.1.jar"/></testsuite><testsuite failures="0" errors="0" time="0" id="41" name="C:\Users\kurindinvv\.gradle\caches\modules-2\files-2.1\org.jacoco\org.jacoco.agent\0.8.13\67f868b464f1e619d81cc398c9f19a91802253e5\org.jacoco.agent-0.8.13.jar\jacocoagent.jar\META-INF/maven/org.jacoco/org.jacoco.agent.rt/pom.xml" package="org.jacoco.agent-0.8.13.jar: jacocoagent.jar (shaded: org.jacoco:org.jacoco.agent.rt:0.8.13)" skipped="0" tests="1" timestamp="2025-12-24T18:35:08.2188557"><testcase classname="dependency-check" name="org.jacoco.agent-0.8.13.jar: jacocoagent.jar (shaded: org.jacoco:org.jacoco.agent.rt:0.8.13)"/></testsuite><testsuite failures="0" errors="0" time="0" id="42" name="C:\Users\kurindinvv\.gradle\caches\modules-2\files-2.1\org.jacoco\org.jacoco.agent\0.8.13\67f868b464f1e619d81cc398c9f19a91802253e5\org.jacoco.agent-0.8.13.jar\jacocoagent.jar" package="org.jacoco.agent-0.8.13.jar: jacocoagent.jar" skipped="0" tests="1" timestamp="2025-12-24T18:35:08.2188557"><testcase classname="dependency-check" name="org.jacoco.agent-0.8.13.jar: jacocoagent.jar"/></testsuite><testsuite failures="0" errors="0" time="0" id="43" name="C:\Users\kurindinvv\.gradle\caches\modules-2\files-2.1\org.jacoco\org.jacoco.agent\0.8.13\67f868b464f1e619d81cc398c9f19a91802253e5\org.jacoco.agent-0.8.13.jar" package="org.jacoco.agent-0.8.13.jar" skipped="0" tests="1" timestamp="2025-12-24T18:35:08.2188557"><testcase classname="dependency-check" name="org.jacoco.agent-0.8.13.jar"/></testsuite><testsuite failures="0" errors="0" time="0" id="44" name="C:\Users\kurindinvv\.gradle\caches\modules-2\files-2.1\org.jacoco\org.jacoco.ant\0.8.13\c797c8d22c6276f7f10dae9fd43c63c320530ab\org.jacoco.ant-0.8.13.jar" package="org.jacoco.ant-0.8.13.jar" skipped="0" tests="1" timestamp="2025-12-24T18:35:08.2188557"><testcase classname="dependency-check" name="org.jacoco.ant-0.8.13.jar"/></testsuite><testsuite failures="0" errors="0" time="0" id="45" name="C:\Users\kurindinvv\.gradle\caches\modules-2\files-2.1\org.jacoco\org.jacoco.core\0.8.13\4424d689f0738cd4445e948270e3f2f2d0e5cdb8\org.jacoco.core-0.8.13.jar" package="org.jacoco.core-0.8.13.jar" skipped="0" tests="1" timestamp="2025-12-24T18:35:08.2188557"><testcase classname="dependency-check" name="org.jacoco.core-0.8.13.jar"/></testsuite><testsuite failures="0" errors="0" time="0" id="46" name="C:\Users\kurindinvv\.gradle\caches\modules-2\files-2.1\org.jacoco\org.jacoco.report\0.8.13\44d475e169049322b081db376933bad859ec6526\org.jacoco.report-0.8.13.jar\org\jacoco\report\internal\html\resources\prettify.js" package="org.jacoco.report-0.8.13.jar: prettify.js" skipped="0" tests="1" timestamp="2025-12-24T18:35:08.2188557"><testcase classname="dependency-check" name="org.jacoco.report-0.8.13.jar: prettify.js"/></testsuite><testsuite failures="0" errors="0" time="0" id="47" name="C:\Users\kurindinvv\.gradle\caches\modules-2\files-2.1\org.jacoco\org.jacoco.report\0.8.13\44d475e169049322b081db376933bad859ec6526\org.jacoco.report-0.8.13.jar\org\jacoco\report\internal\html\resources\sort.js" package="org.jacoco.report-0.8.13.jar: sort.js" skipped="0" tests="1" timestamp="2025-12-24T18:35:08.2188557"><testcase classname="dependency-check" name="org.jacoco.report-0.8.13.jar: sort.js"/></testsuite><testsuite failures="0" errors="0" time="0" id="48" name="C:\Users\kurindinvv\.gradle\caches\modules-2\files-2.1\org.jacoco\org.jacoco.report\0.8.13\44d475e169049322b081db376933bad859ec6526\org.jacoco.report-0.8.13.jar" package="org.jacoco.report-0.8.13.jar" skipped="0" tests="1" timestamp="2025-12-24T18:35:08.2188557"><testcase classname="dependency-check" name="org.jacoco.report-0.8.13.jar"/></testsuite><testsuite failures="0" errors="0" time="0" id="49" name="C:\Users\kurindinvv\.gradle\caches\modules-2\files-2.1\info.picocli\picocli\4.7.6\77c2cb87814b6a03d431fc856024a9f8ff605ad4\picocli-4.7.6.jar" package="picocli-4.7.6.jar" skipped="0" tests="1" timestamp="2025-12-24T18:35:08.2188557"><testcase classname="dependency-check" name="picocli-4.7.6.jar"/></testsuite><testsuite failures="0" errors="0" time="0" id="50" name="C:\Users\kurindinvv\.gradle\caches\modules-2\files-2.1\org.codehaus.plexus\plexus-classworlds\2.6.0\8587e80fcb38e70b70fae8d5914b6376bfad6259\plexus-classworlds-2.6.0.jar" package="plexus-classworlds-2.6.0.jar" skipped="0" tests="1" timestamp="2025-12-24T18:35:08.2188557"><testcase classname="dependency-check" name="plexus-classworlds-2.6.0.jar"/></testsuite><testsuite failures="0" errors="0" time="0" id="51" name="C:\Users\kurindinvv\.gradle\caches\modules-2\files-2.1\org.codehaus.plexus\plexus-component-annotations\2.1.0\2f2147a6cc6a119a1b51a96f31d45c557f6244b9\plexus-component-annotations-2.1.0.jar" package="plexus-component-annotations-2.1.0.jar" skipped="0" tests="1" timestamp="2025-12-24T18:35:08.2188557"><testcase classname="dependency-check" name="plexus-component-annotations-2.1.0.jar"/></testsuite><testsuite failures="0" errors="0" time="0" id="52" name="C:\Users\kurindinvv\.gradle\caches\modules-2\files-2.1\org.codehaus.plexus\plexus-container-default\2.1.0\c189df3d30aa7707c36aa2746fae55ebe11d711e\plexus-container-default-2.1.0.jar" package="plexus-container-default-2.1.0.jar" skipped="0" tests="1" timestamp="2025-12-24T18:35:08.2188557"><testcase classname="dependency-check" name="plexus-container-default-2.1.0.jar"/></testsuite><testsuite failures="0" errors="0" time="0" id="53" name="C:\Users\kurindinvv\.gradle\caches\modules-2\files-2.1\org.codehaus.plexus\plexus-utils\3.3.0\cf43b5391de623b36fe066a21127baef82c64022\plexus-utils-3.3.0.jar" package="plexus-utils-3.3.0.jar" skipped="0" tests="1" timestamp="2025-12-24T18:35:08.2188557"><testcase classname="dependency-check" name="plexus-utils-3.3.0.jar"/></testsuite><testsuite failures="0" errors="0" time="0" id="54" name="C:\Users\kurindinvv\.gradle\caches\modules-2\files-2.1\org.reflections\reflections\0.10.2\b638d7ca0e0fe0146b60a0e7ba232ad852a73b31\reflections-0.10.2.jar" package="reflections-0.10.2.jar" skipped="0" tests="1" timestamp="2025-12-24T18:35:08.2188557"><testcase classname="dependency-check" name="reflections-0.10.2.jar"/></testsuite><testsuite failures="0" errors="0" time="0" id="55" name="C:\Users\kurindinvv\.gradle\caches\modules-2\files-2.1\org.slf4j\slf4j-api\2.0.17\d9e58ac9c7779ba3bf8142aff6c830617a7fe60f\slf4j-api-2.0.17.jar" package="slf4j-api-2.0.17.jar" skipped="0" tests="1" timestamp="2025-12-24T18:35:08.2188557"><testcase classname="dependency-check" name="slf4j-api-2.0.17.jar"/></testsuite><testsuite failures="0" errors="0" time="0" id="56" name="C:\Users\kurindinvv\.gradle\caches\modules-2\files-2.1\org.slf4j\slf4j-simple\2.0.17\9872a3fd794ffe7b18d17747926a64d61526ca96\slf4j-simple-2.0.17.jar" package="slf4j-simple-2.0.17.jar" skipped="0" tests="1" timestamp="2025-12-24T18:35:08.2188557"><testcase classname="dependency-check" name="slf4j-simple-2.0.17.jar"/></testsuite><testsuite failures="0" errors="0" time="0" id="57" name="C:\Users\kurindinvv\.gradle\caches\modules-2\files-2.1\com.github.spotbugs\spotbugs\4.9.4\c65d75ca8b70188683962c6c6b2eb50cb4a8d99a\spotbugs-4.9.4.jar" package="spotbugs-4.9.4.jar" skipped="0" tests="1" timestamp="2025-12-24T18:35:08.2188557"><testcase classname="dependency-check" name="spotbugs-4.9.4.jar"/></testsuite><testsuite failures="0" errors="0" time="0" id="58" name="C:\Users\kurindinvv\.gradle\caches\modules-2\files-2.1\com.github.spotbugs\spotbugs-annotations\4.8.6\1dcffed3e561ed32134a0dff4717f19bc2fdf4d8\spotbugs-annotations-4.8.6.jar" package="spotbugs-annotations-4.8.6.jar" skipped="0" tests="1" timestamp="2025-12-24T18:35:08.2188557"><testcase classname="dependency-check" name="spotbugs-annotations-4.8.6.jar"/></testsuite><testsuite failures="0" errors="0" time="0" id="59" name="C:\Users\kurindinvv\.gradle\caches\modules-2\files-2.1\com.github.spotbugs\spotbugs-annotations\4.9.4\71d1be50e7c79317f2cb599b1da571dc5fcd8bf\spotbugs-annotations-4.9.4.jar" package="spotbugs-annotations-4.9.4.jar" skipped="0" tests="1" timestamp="2025-12-24T18:35:08.2188557"><testcase classname="dependency-check" name="spotbugs-annotations-4.9.4.jar"/></testsuite><testsuite failures="0" errors="0" time="0" id="60" name="C:\Users\kurindinvv\.gradle\caches\modules-2\files-2.1\org.apache.xbean\xbean-reflect\3.7\6072a967ec936b3bb25b421d8eca07dd750219fd\xbean-reflect-3.7.jar" package="xbean-reflect-3.7.jar" skipped="0" tests="1" timestamp="2025-12-24T18:35:08.2188557"><testcase classname="dependency-check" name="xbean-reflect-3.7.jar"/></testsuite><testsuite failures="0" errors="0" time="0" id="61" name="C:\Users\kurindinvv\.gradle\caches\modules-2\files-2.1\org.xmlresolver\xmlresolver\5.2.2\5624ede8b8e374979194acaae9f34cff23b62b3e\xmlresolver-5.2.2-data.jar" package="xmlresolver-5.2.2-data.jar" skipped="0" tests="1" timestamp="2025-12-24T18:35:08.2188557"><testcase classname="dependency-check" name="xmlresolver-5.2.2-data.jar"/></testsuite><testsuite failures="0" errors="0" time="0" id="62" name="C:\Users\kurindinvv\.gradle\caches\modules-2\files-2.1\org.xmlresolver\xmlresolver\5.2.2\152378e04ba01898847bf38fad5023c7d52f0c9d\xmlresolver-5.2.2.jar" package="xmlresolver-5.2.2.jar" skipped="0" tests="1" timestamp="2025-12-24T18:35:08.2188557"><testcase classname="dependency-check" name="xmlresolver-5.2.2.jar"/></testsuite><testsuite failures="0" errors="0" time="0" id="63" name="C:\Users\kurindinvv\.gradle\caches\modules-2\files-2.1\org.xmlresolver\xmlresolver\5.3.3\e0c9cb7fcad389a50c1fbe3237af8857eca9c2b3\xmlresolver-5.3.3-data.jar" package="xmlresolver-5.3.3-data.jar" skipped="0" tests="1" timestamp="2025-12-24T18:35:08.2188557"><testcase classname="dependency-check" name="xmlresolver-5.3.3-data.jar"/></testsuite><testsuite failures="0" errors="0" time="0" id="64" name="C:\Users\kurindinvv\.gradle\caches\modules-2\files-2.1\org.xmlresolver\xmlresolver\5.3.3\1b838b0d69eef8d46c813d88a604e3cb4c6035fe\xmlresolver-5.3.3.jar" package="xmlresolver-5.3.3.jar" skipped="0" tests="1" timestamp="2025-12-24T18:35:08.2188557"><testcase classname="dependency-check" name="xmlresolver-5.3.3.jar"/></testsuite></testsuites>